(---------------------------------------------------------------------)
(                                                                     )
(    ARTWORK LOG                                                      )
(                                                                     )
(    Drawing          : PROIECT CAD.brd                               )
(    Software Version : 17.2S025                                      )
(    Date/Time        : Wed May 28 23:08:12 2025                      )
(                                                                     )
(---------------------------------------------------------------------)


 ---- Photoplot outline rectangle not found; using drawing extents.



Results from parameter file ...
    DEVICE-TYPE           GERBER_RS274X
    OUTPUT-UNITS          INCHES
    FILM-SIZE             2400000 1600000
    FORMAT                2.5
    ABORT-ON-ERROR        NO
    SCALE                 1
    SUPPRESS-LEAD-ZEROES  YES
    SUPPRESS-TRAIL-ZEROES NO
    SUPPRESS-EQUAL        YES
    UNDEF-APT-CONT        NO



================================================================
     PROCESSING FILM < Soldermasktoptop >
     TO FILE < C:/Users/drago/Desktop/Facultate/TEME 2024-2025/Proiect CAD - E6B - DRAGOTONIU SI BENGULESCU/Proiect PCB/allegro/Soldermasktoptop.art > ...
================================================================

  FILM PARAMETERS :
  ---------------------------------------------------------
  Undefined line width                0.00
  Mirror code                         NONE
  Rotate angle                        NONE
  Offset x:                           0.00
  Offset y:                           0.00
  Plot negative                       NO
  Suppress unconnected internal pads  NO
  Draw holes only                     NO



  APERTURES USED:
  ---------------------------------------------------------
  TYPE       SIZE/NAME                   ROT   MIRROR MODE 
  ---------------------------------------------------------
  CIRCLE     0.04500                                  DARK 
  CIRCLE     0.07500                                  DARK 
  CIRCLE     0.08000                                  DARK 
  CIRCLE     0.09500                                  DARK 
  CIRCLE     0.14500                                  DARK 
  SQUARE     0.07500                     0.000 NO     DARK 
  RECTANGLE  0.07874     x 0.05118       0.000 NO     DARK 
  RECTANGLE  0.07874     x 0.07874       0.000 NO     DARK 

     Soldermasktoptop created.


------------------------------------------------------
 SUMMARY:
        Soldermasktoptop created.

 ARTWORK finished
